<?xml version="1.0" encoding="UTF-8"?>
<testng-results ignored="0" total="4" passed="4" failed="0" skipped="0">
  <reporter-output>
  </reporter-output>
  <suite started-at="2026-05-21T14:02:05 IST" name="Suite" finished-at="2026-05-21T14:02:05 IST" duration-ms="47">
    <groups>
    </groups>
    <test started-at="2026-05-21T14:02:05 IST" name="Test" finished-at="2026-05-21T14:02:05 IST" duration-ms="47">
      <class name="Demo.SampleTest">
        <test-method signature="case1()[pri:0, instance:Demo.SampleTest@222545dc]" started-at="2026-05-21T14:02:05 IST" name="case1" finished-at="2026-05-21T14:02:05 IST" duration-ms="4" status="PASS">
          <reporter-output>
          </reporter-output>
        </test-method> <!-- case1 -->
        <test-method signature="case11()[pri:0, instance:Demo.SampleTest@222545dc]" started-at="2026-05-21T14:02:05 IST" name="case11" finished-at="2026-05-21T14:02:05 IST" duration-ms="1" status="PASS">
          <reporter-output>
          </reporter-output>
        </test-method> <!-- case11 -->
      </class> <!-- Demo.SampleTest -->
      <class name="sample.DemoTest">
        <test-method signature="case2()[pri:0, instance:sample.DemoTest@38c6f217]" started-at="2026-05-21T14:02:05 IST" name="case2" finished-at="2026-05-21T14:02:05 IST" duration-ms="0" status="PASS">
          <reporter-output>
          </reporter-output>
        </test-method> <!-- case2 -->
        <test-method signature="case22()[pri:0, instance:sample.DemoTest@38c6f217]" started-at="2026-05-21T14:02:05 IST" name="case22" finished-at="2026-05-21T14:02:05 IST" duration-ms="1" status="PASS">
          <reporter-output>
          </reporter-output>
        </test-method> <!-- case22 -->
      </class> <!-- sample.DemoTest -->
    </test> <!-- Test -->
  </suite> <!-- Suite -->
</testng-results>
