<?xml version="1.0" encoding="UTF-8"?>
<!-- Generated by org.testng.reporters.JUnitXMLReporter -->
<testsuite ignored="0" hostname="LAPTOP-O1BU3BPH" failures="0" tests="8" name="Surefire test" time="0.046" errors="0" timestamp="2026-05-21T14:00:45 IST">
  <testcase classname="Demo.Sample2Test" name="case112233" time="0.004"/>
  <testcase classname="Demo.Sample2Test" name="case123" time="0.001"/>
  <testcase classname="Demo.SampleTest" name="case1" time="0.0"/>
  <testcase classname="Demo.SampleTest" name="case11" time="0.001"/>
  <testcase classname="sample.Demo2Test" name="case223344" time="0.0"/>
  <testcase classname="sample.Demo2Test" name="case234" time="0.0"/>
  <testcase classname="sample.DemoTest" name="case2" time="0.001"/>
  <testcase classname="sample.DemoTest" name="case22" time="0.001"/>
</testsuite> <!-- Surefire test -->
